2026-03-27 21:11:13,557:WARNING:
'cuml' is a soft dependency and not included in the pycaret installation. Please run: `pip install cuml` to install.
2026-03-27 21:11:13,557:WARNING:
'cuml' is a soft dependency and not included in the pycaret installation. Please run: `pip install cuml` to install.
2026-03-27 21:11:13,557:WARNING:
'cuml' is a soft dependency and not included in the pycaret installation. Please run: `pip install cuml` to install.
2026-03-27 21:11:13,557:WARNING:
'cuml' is a soft dependency and not included in the pycaret installation. Please run: `pip install cuml` to install.
2026-03-27 21:11:15,326:INFO:Initializing load_model()
2026-03-27 21:11:15,326:INFO:load_model(model_name=modelo_final, platform=None, authentication=None, verbose=True)
2026-03-27 21:13:04,861:WARNING:
'cuml' is a soft dependency and not included in the pycaret installation. Please run: `pip install cuml` to install.
2026-03-27 21:13:04,861:WARNING:
'cuml' is a soft dependency and not included in the pycaret installation. Please run: `pip install cuml` to install.
2026-03-27 21:13:04,861:WARNING:
'cuml' is a soft dependency and not included in the pycaret installation. Please run: `pip install cuml` to install.
2026-03-27 21:13:04,861:WARNING:
'cuml' is a soft dependency and not included in the pycaret installation. Please run: `pip install cuml` to install.
2026-03-27 21:13:05,841:INFO:PyCaret RegressionExperiment
2026-03-27 21:13:05,841:INFO:Logging name: reg-default-name
2026-03-27 21:13:05,841:INFO:ML Usecase: MLUsecase.REGRESSION
2026-03-27 21:13:05,841:INFO:version 3.3.2
2026-03-27 21:13:05,841:INFO:Initializing setup()
2026-03-27 21:13:05,841:INFO:self.USI: aace
2026-03-27 21:13:05,841:INFO:self._variable_keys: {'_ml_usecase', 'logging_param', 'gpu_param', 'fold_groups_param', 'y_train', 'exp_id', 'USI', 'exp_name_log', 'html_param', 'X_test', 'idx', 'memory', '_available_plots', 'y_test', 'log_plots_param', 'X', 'fold_shuffle_param', 'n_jobs_param', 'y', 'transform_target_param', 'seed', 'pipeline', 'gpu_n_jobs_param', 'target_param', 'X_train', 'data', 'fold_generator'}
2026-03-27 21:13:05,841:INFO:Checking environment
2026-03-27 21:13:05,841:INFO:python_version: 3.10.11
2026-03-27 21:13:05,841:INFO:python_build: ('tags/v3.10.11:7d4cc5a', 'Apr  5 2023 00:38:17')
2026-03-27 21:13:05,841:INFO:machine: AMD64
2026-03-27 21:13:05,855:INFO:platform: Windows-10-10.0.26200-SP0
2026-03-27 21:13:05,856:INFO:Memory: svmem(total=8399802368, available=2880806912, percent=65.7, used=5518995456, free=2880806912)
2026-03-27 21:13:05,856:INFO:Physical Core: 8
2026-03-27 21:13:05,856:INFO:Logical Core: 16
2026-03-27 21:13:05,856:INFO:Checking libraries
2026-03-27 21:13:05,856:INFO:System:
2026-03-27 21:13:05,856:INFO:    python: 3.10.11 (tags/v3.10.11:7d4cc5a, Apr  5 2023, 00:38:17) [MSC v.1929 64 bit (AMD64)]
2026-03-27 21:13:05,856:INFO:executable: C:\Users\sebas\hands_on_project\venv\Scripts\python.exe
2026-03-27 21:13:05,856:INFO:   machine: Windows-10-10.0.26200-SP0
2026-03-27 21:13:05,856:INFO:PyCaret required dependencies:
2026-03-27 21:13:06,041:INFO:                 pip: 23.0.1
2026-03-27 21:13:06,041:INFO:          setuptools: 65.5.0
2026-03-27 21:13:06,041:INFO:             pycaret: 3.3.2
2026-03-27 21:13:06,041:INFO:             IPython: 8.39.0
2026-03-27 21:13:06,041:INFO:          ipywidgets: 8.1.8
2026-03-27 21:13:06,041:INFO:                tqdm: 4.67.3
2026-03-27 21:13:06,042:INFO:               numpy: 1.26.4
2026-03-27 21:13:06,042:INFO:              pandas: 2.1.4
2026-03-27 21:13:06,042:INFO:              jinja2: 3.1.6
2026-03-27 21:13:06,042:INFO:               scipy: 1.11.4
2026-03-27 21:13:06,042:INFO:              joblib: 1.3.2
2026-03-27 21:13:06,042:INFO:             sklearn: 1.4.2
2026-03-27 21:13:06,042:INFO:                pyod: 2.0.7
2026-03-27 21:13:06,042:INFO:            imblearn: 0.14.1
2026-03-27 21:13:06,042:INFO:   category_encoders: 2.7.0
2026-03-27 21:13:06,042:INFO:            lightgbm: 4.6.0
2026-03-27 21:13:06,042:INFO:               numba: 0.64.0
2026-03-27 21:13:06,042:INFO:            requests: 2.33.0
2026-03-27 21:13:06,042:INFO:          matplotlib: 3.7.5
2026-03-27 21:13:06,042:INFO:          scikitplot: 0.3.7
2026-03-27 21:13:06,042:INFO:         yellowbrick: 1.5
2026-03-27 21:13:06,042:INFO:              plotly: 6.6.0
2026-03-27 21:13:06,042:INFO:    plotly-resampler: Not installed
2026-03-27 21:13:06,042:INFO:             kaleido: 1.2.0
2026-03-27 21:13:06,042:INFO:           schemdraw: 0.15
2026-03-27 21:13:06,042:INFO:         statsmodels: 0.14.6
2026-03-27 21:13:06,042:INFO:              sktime: 0.26.0
2026-03-27 21:13:06,042:INFO:               tbats: 1.1.3
2026-03-27 21:13:06,043:INFO:            pmdarima: 2.0.4
2026-03-27 21:13:06,043:INFO:              psutil: 7.2.2
2026-03-27 21:13:06,043:INFO:          markupsafe: 3.0.3
2026-03-27 21:13:06,043:INFO:             pickle5: Not installed
2026-03-27 21:13:06,043:INFO:         cloudpickle: 3.1.2
2026-03-27 21:13:06,043:INFO:         deprecation: 2.1.0
2026-03-27 21:13:06,043:INFO:              xxhash: 3.6.0
2026-03-27 21:13:06,043:INFO:           wurlitzer: Not installed
2026-03-27 21:13:06,043:INFO:PyCaret optional dependencies:
2026-03-27 21:13:06,062:INFO:                shap: Not installed
2026-03-27 21:13:06,062:INFO:           interpret: Not installed
2026-03-27 21:13:06,062:INFO:                umap: Not installed
2026-03-27 21:13:06,062:INFO:     ydata_profiling: Not installed
2026-03-27 21:13:06,062:INFO:  explainerdashboard: Not installed
2026-03-27 21:13:06,062:INFO:             autoviz: Not installed
2026-03-27 21:13:06,063:INFO:           fairlearn: Not installed
2026-03-27 21:13:06,063:INFO:          deepchecks: Not installed
2026-03-27 21:13:06,063:INFO:             xgboost: Not installed
2026-03-27 21:13:06,063:INFO:            catboost: Not installed
2026-03-27 21:13:06,063:INFO:              kmodes: Not installed
2026-03-27 21:13:06,063:INFO:             mlxtend: Not installed
2026-03-27 21:13:06,063:INFO:       statsforecast: Not installed
2026-03-27 21:13:06,063:INFO:        tune_sklearn: Not installed
2026-03-27 21:13:06,063:INFO:                 ray: Not installed
2026-03-27 21:13:06,063:INFO:            hyperopt: Not installed
2026-03-27 21:13:06,063:INFO:              optuna: Not installed
2026-03-27 21:13:06,063:INFO:               skopt: Not installed
2026-03-27 21:13:06,063:INFO:              mlflow: Not installed
2026-03-27 21:13:06,063:INFO:              gradio: Not installed
2026-03-27 21:13:06,063:INFO:             fastapi: Not installed
2026-03-27 21:13:06,063:INFO:             uvicorn: Not installed
2026-03-27 21:13:06,063:INFO:              m2cgen: Not installed
2026-03-27 21:13:06,064:INFO:           evidently: Not installed
2026-03-27 21:13:06,064:INFO:               fugue: Not installed
2026-03-27 21:13:06,064:INFO:           streamlit: Not installed
2026-03-27 21:13:06,064:INFO:             prophet: Not installed
2026-03-27 21:13:06,064:INFO:None
2026-03-27 21:13:06,064:INFO:Set up data.
2026-03-27 21:13:06,076:INFO:Set up folding strategy.
2026-03-27 21:13:06,076:INFO:Set up train/test split.
2026-03-27 21:13:06,132:INFO:Set up index.
2026-03-27 21:13:06,133:INFO:Assigning column types.
2026-03-27 21:13:06,137:INFO:Engine successfully changes for model 'lr' to 'sklearn'.
2026-03-27 21:13:06,137:INFO:Engine for model 'lasso' has not been set explicitly, hence returning None.
2026-03-27 21:13:06,143:INFO:Engine for model 'ridge' has not been set explicitly, hence returning None.
2026-03-27 21:13:06,148:INFO:Engine for model 'en' has not been set explicitly, hence returning None.
2026-03-27 21:13:06,224:INFO:Engine for model 'svm' has not been set explicitly, hence returning None.
2026-03-27 21:13:06,272:INFO:Engine for model 'knn' has not been set explicitly, hence returning None.
2026-03-27 21:13:06,273:WARNING:
'xgboost' is a soft dependency and not included in the pycaret installation. Please run: `pip install xgboost` to install.
Alternately, you can install this by running `pip install pycaret[models]`
2026-03-27 21:13:06,273:WARNING:
'catboost' is a soft dependency and not included in the pycaret installation. Please run: `pip install catboost` to install.
Alternately, you can install this by running `pip install pycaret[models]`
2026-03-27 21:13:06,275:INFO:Engine for model 'lasso' has not been set explicitly, hence returning None.
2026-03-27 21:13:06,279:INFO:Engine for model 'ridge' has not been set explicitly, hence returning None.
2026-03-27 21:13:06,284:INFO:Engine for model 'en' has not been set explicitly, hence returning None.
2026-03-27 21:13:06,346:INFO:Engine for model 'svm' has not been set explicitly, hence returning None.
2026-03-27 21:13:06,392:INFO:Engine for model 'knn' has not been set explicitly, hence returning None.
2026-03-27 21:13:06,392:WARNING:
'xgboost' is a soft dependency and not included in the pycaret installation. Please run: `pip install xgboost` to install.
Alternately, you can install this by running `pip install pycaret[models]`
2026-03-27 21:13:06,394:WARNING:
'catboost' is a soft dependency and not included in the pycaret installation. Please run: `pip install catboost` to install.
Alternately, you can install this by running `pip install pycaret[models]`
2026-03-27 21:13:06,394:INFO:Engine successfully changes for model 'lasso' to 'sklearn'.
2026-03-27 21:13:06,400:INFO:Engine for model 'ridge' has not been set explicitly, hence returning None.
2026-03-27 21:13:06,404:INFO:Engine for model 'en' has not been set explicitly, hence returning None.
2026-03-27 21:13:06,466:INFO:Engine for model 'svm' has not been set explicitly, hence returning None.
2026-03-27 21:13:06,516:INFO:Engine for model 'knn' has not been set explicitly, hence returning None.
2026-03-27 21:13:06,517:WARNING:
'xgboost' is a soft dependency and not included in the pycaret installation. Please run: `pip install xgboost` to install.
Alternately, you can install this by running `pip install pycaret[models]`
2026-03-27 21:13:06,517:WARNING:
'catboost' is a soft dependency and not included in the pycaret installation. Please run: `pip install catboost` to install.
Alternately, you can install this by running `pip install pycaret[models]`
2026-03-27 21:13:06,522:INFO:Engine for model 'ridge' has not been set explicitly, hence returning None.
2026-03-27 21:13:06,527:INFO:Engine for model 'en' has not been set explicitly, hence returning None.
2026-03-27 21:13:06,596:INFO:Engine for model 'svm' has not been set explicitly, hence returning None.
2026-03-27 21:13:06,649:INFO:Engine for model 'knn' has not been set explicitly, hence returning None.
2026-03-27 21:13:06,649:WARNING:
'xgboost' is a soft dependency and not included in the pycaret installation. Please run: `pip install xgboost` to install.
Alternately, you can install this by running `pip install pycaret[models]`
2026-03-27 21:13:06,650:WARNING:
'catboost' is a soft dependency and not included in the pycaret installation. Please run: `pip install catboost` to install.
Alternately, you can install this by running `pip install pycaret[models]`
2026-03-27 21:13:06,650:INFO:Engine successfully changes for model 'ridge' to 'sklearn'.
2026-03-27 21:13:06,660:INFO:Engine for model 'en' has not been set explicitly, hence returning None.
2026-03-27 21:13:06,721:INFO:Engine for model 'svm' has not been set explicitly, hence returning None.
2026-03-27 21:13:06,769:INFO:Engine for model 'knn' has not been set explicitly, hence returning None.
2026-03-27 21:13:06,770:WARNING:
'xgboost' is a soft dependency and not included in the pycaret installation. Please run: `pip install xgboost` to install.
Alternately, you can install this by running `pip install pycaret[models]`
2026-03-27 21:13:06,770:WARNING:
'catboost' is a soft dependency and not included in the pycaret installation. Please run: `pip install catboost` to install.
Alternately, you can install this by running `pip install pycaret[models]`
2026-03-27 21:13:06,780:INFO:Engine for model 'en' has not been set explicitly, hence returning None.
2026-03-27 21:13:06,842:INFO:Engine for model 'svm' has not been set explicitly, hence returning None.
2026-03-27 21:13:06,894:INFO:Engine for model 'knn' has not been set explicitly, hence returning None.
2026-03-27 21:13:06,895:WARNING:
'xgboost' is a soft dependency and not included in the pycaret installation. Please run: `pip install xgboost` to install.
Alternately, you can install this by running `pip install pycaret[models]`
2026-03-27 21:13:06,895:WARNING:
'catboost' is a soft dependency and not included in the pycaret installation. Please run: `pip install catboost` to install.
Alternately, you can install this by running `pip install pycaret[models]`
2026-03-27 21:13:06,895:INFO:Engine successfully changes for model 'en' to 'sklearn'.
2026-03-27 21:13:06,972:INFO:Engine for model 'svm' has not been set explicitly, hence returning None.
2026-03-27 21:13:07,019:INFO:Engine for model 'knn' has not been set explicitly, hence returning None.
2026-03-27 21:13:07,020:WARNING:
'xgboost' is a soft dependency and not included in the pycaret installation. Please run: `pip install xgboost` to install.
Alternately, you can install this by running `pip install pycaret[models]`
2026-03-27 21:13:07,021:WARNING:
'catboost' is a soft dependency and not included in the pycaret installation. Please run: `pip install catboost` to install.
Alternately, you can install this by running `pip install pycaret[models]`
2026-03-27 21:13:07,093:INFO:Engine for model 'svm' has not been set explicitly, hence returning None.
2026-03-27 21:13:07,154:INFO:Engine for model 'knn' has not been set explicitly, hence returning None.
2026-03-27 21:13:07,156:WARNING:
'xgboost' is a soft dependency and not included in the pycaret installation. Please run: `pip install xgboost` to install.
Alternately, you can install this by running `pip install pycaret[models]`
2026-03-27 21:13:07,156:WARNING:
'catboost' is a soft dependency and not included in the pycaret installation. Please run: `pip install catboost` to install.
Alternately, you can install this by running `pip install pycaret[models]`
2026-03-27 21:13:07,156:INFO:Engine successfully changes for model 'knn' to 'sklearn'.
2026-03-27 21:13:07,250:INFO:Engine for model 'svm' has not been set explicitly, hence returning None.
2026-03-27 21:13:07,302:WARNING:
'xgboost' is a soft dependency and not included in the pycaret installation. Please run: `pip install xgboost` to install.
Alternately, you can install this by running `pip install pycaret[models]`
2026-03-27 21:13:07,303:WARNING:
'catboost' is a soft dependency and not included in the pycaret installation. Please run: `pip install catboost` to install.
Alternately, you can install this by running `pip install pycaret[models]`
2026-03-27 21:13:07,372:INFO:Engine for model 'svm' has not been set explicitly, hence returning None.
2026-03-27 21:13:07,421:WARNING:
'xgboost' is a soft dependency and not included in the pycaret installation. Please run: `pip install xgboost` to install.
Alternately, you can install this by running `pip install pycaret[models]`
2026-03-27 21:13:07,421:WARNING:
'catboost' is a soft dependency and not included in the pycaret installation. Please run: `pip install catboost` to install.
Alternately, you can install this by running `pip install pycaret[models]`
2026-03-27 21:13:07,421:INFO:Engine successfully changes for model 'svm' to 'sklearn'.
2026-03-27 21:13:07,533:WARNING:
'xgboost' is a soft dependency and not included in the pycaret installation. Please run: `pip install xgboost` to install.
Alternately, you can install this by running `pip install pycaret[models]`
2026-03-27 21:13:07,533:WARNING:
'catboost' is a soft dependency and not included in the pycaret installation. Please run: `pip install catboost` to install.
Alternately, you can install this by running `pip install pycaret[models]`
2026-03-27 21:13:07,638:WARNING:
'xgboost' is a soft dependency and not included in the pycaret installation. Please run: `pip install xgboost` to install.
Alternately, you can install this by running `pip install pycaret[models]`
2026-03-27 21:13:07,639:WARNING:
'catboost' is a soft dependency and not included in the pycaret installation. Please run: `pip install catboost` to install.
Alternately, you can install this by running `pip install pycaret[models]`
2026-03-27 21:13:07,644:INFO:Preparing preprocessing pipeline...
2026-03-27 21:13:07,644:INFO:Set up simple imputation.
2026-03-27 21:13:07,650:INFO:Set up encoding of ordinal features.
2026-03-27 21:13:07,652:INFO:Set up encoding of categorical features.
2026-03-27 21:13:07,727:INFO:Finished creating preprocessing pipeline.
2026-03-27 21:13:07,775:INFO:Pipeline: Pipeline(memory=FastMemory(location=C:\Users\sebas\AppData\Local\Temp\joblib),
         steps=[('numerical_imputer',
                 TransformerWrapper(include=['age', 'bmi', 'children'],
                                    transformer=SimpleImputer())),
                ('categorical_imputer',
                 TransformerWrapper(include=['sex', 'smoker', 'region'],
                                    transformer=SimpleImputer(strategy='most_frequent'))),
                ('ordinal_encoding',
                 TransformerW...
                                                                     'smoker'],
                                                               handle_missing='return_nan',
                                                               mapping=[{'col': 'sex',
                                                                         'data_type': dtype('O'),
                                                                         'mapping': female    0
male      1
NaN      -1
dtype: int64},
                                                                        {'col': 'smoker',
                                                                         'data_type': dtype('O'),
                                                                         'mapping': no     0
yes    1
NaN   -1
dtype: int64}]))),
                ('onehot_encoding',
                 TransformerWrapper(include=['region'],
                                    transformer=OneHotEncoder(cols=['region'],
                                                              handle_missing='return_nan',
                                                              use_cat_names=True)))])
2026-03-27 21:13:07,776:INFO:Creating final display dataframe.
2026-03-27 21:13:07,967:INFO:Setup _display_container:                     Description             Value
0                    Session id               123
1                        Target           charges
2                   Target type        Regression
3           Original data shape         (1338, 7)
4        Transformed data shape        (1338, 10)
5   Transformed train set shape         (936, 10)
6    Transformed test set shape         (402, 10)
7              Numeric features                 3
8          Categorical features                 3
9                    Preprocess              True
10              Imputation type            simple
11           Numeric imputation              mean
12       Categorical imputation              mode
13     Maximum one-hot encoding                25
14              Encoding method              None
15               Fold Generator             KFold
16                  Fold Number                10
17                     CPU Jobs                -1
18                      Use GPU             False
19               Log Experiment             False
20              Experiment Name  reg-default-name
21                          USI              aace
2026-03-27 21:13:08,076:WARNING:
'xgboost' is a soft dependency and not included in the pycaret installation. Please run: `pip install xgboost` to install.
Alternately, you can install this by running `pip install pycaret[models]`
2026-03-27 21:13:08,076:WARNING:
'catboost' is a soft dependency and not included in the pycaret installation. Please run: `pip install catboost` to install.
Alternately, you can install this by running `pip install pycaret[models]`
2026-03-27 21:13:08,190:WARNING:
'xgboost' is a soft dependency and not included in the pycaret installation. Please run: `pip install xgboost` to install.
Alternately, you can install this by running `pip install pycaret[models]`
2026-03-27 21:13:08,191:WARNING:
'catboost' is a soft dependency and not included in the pycaret installation. Please run: `pip install catboost` to install.
Alternately, you can install this by running `pip install pycaret[models]`
2026-03-27 21:13:08,191:INFO:setup() successfully completed in 2.35s...............
2026-03-27 21:13:08,191:INFO:Initializing create_model()
2026-03-27 21:13:08,192:INFO:create_model(self=<pycaret.regression.oop.RegressionExperiment object at 0x000001EF9DA4B580>, estimator=lr, fold=None, round=4, cross_validation=True, predict=True, fit_kwargs=None, groups=None, refit=True, probability_threshold=None, experiment_custom_tags=None, verbose=True, system=True, add_to_model_list=True, metrics=None, display=None, model_only=True, return_train_score=False, error_score=0.0, kwargs={})
2026-03-27 21:13:08,192:INFO:Checking exceptions
2026-03-27 21:13:08,198:INFO:Importing libraries
2026-03-27 21:13:08,198:INFO:Copying training dataset
2026-03-27 21:13:08,202:INFO:Defining folds
2026-03-27 21:13:08,202:INFO:Declaring metric variables
2026-03-27 21:13:08,202:INFO:Importing untrained model
2026-03-27 21:13:08,202:INFO:Linear Regression Imported successfully
2026-03-27 21:13:08,202:INFO:Starting cross validation
2026-03-27 21:13:08,252:INFO:Cross validating with KFold(n_splits=10, random_state=None, shuffle=False), n_jobs=-1
2026-03-27 21:13:13,721:INFO:Calculating mean and std
2026-03-27 21:13:13,722:INFO:Creating metrics dataframe
2026-03-27 21:13:13,724:INFO:Finalizing model
2026-03-27 21:13:13,777:INFO:Uploading results into container
2026-03-27 21:13:13,778:INFO:Uploading model into container now
2026-03-27 21:13:13,788:INFO:_master_model_container: 1
2026-03-27 21:13:13,788:INFO:_display_container: 2
2026-03-27 21:13:13,788:INFO:LinearRegression(n_jobs=-1)
2026-03-27 21:13:13,788:INFO:create_model() successfully completed......................................
2026-03-27 21:13:13,923:INFO:Initializing save_model()
2026-03-27 21:13:13,923:INFO:save_model(model=LinearRegression(n_jobs=-1), model_name=modelo_final, prep_pipe_=Pipeline(memory=FastMemory(location=C:\Users\sebas\AppData\Local\Temp\joblib),
         steps=[('numerical_imputer',
                 TransformerWrapper(include=['age', 'bmi', 'children'],
                                    transformer=SimpleImputer())),
                ('categorical_imputer',
                 TransformerWrapper(include=['sex', 'smoker', 'region'],
                                    transformer=SimpleImputer(strategy='most_frequent'))),
                ('ordinal_encoding',
                 TransformerW...
                                                                     'smoker'],
                                                               handle_missing='return_nan',
                                                               mapping=[{'col': 'sex',
                                                                         'data_type': dtype('O'),
                                                                         'mapping': female    0
male      1
NaN      -1
dtype: int64},
                                                                        {'col': 'smoker',
                                                                         'data_type': dtype('O'),
                                                                         'mapping': no     0
yes    1
NaN   -1
dtype: int64}]))),
                ('onehot_encoding',
                 TransformerWrapper(include=['region'],
                                    transformer=OneHotEncoder(cols=['region'],
                                                              handle_missing='return_nan',
                                                              use_cat_names=True)))]), verbose=True, use_case=MLUsecase.REGRESSION, kwargs={})
2026-03-27 21:13:13,923:INFO:Adding model into prep_pipe
2026-03-27 21:13:13,928:INFO:modelo_final.pkl saved in current working directory
2026-03-27 21:13:13,966:INFO:Pipeline(memory=Memory(location=None),
         steps=[('numerical_imputer',
                 TransformerWrapper(include=['age', 'bmi', 'children'],
                                    transformer=SimpleImputer())),
                ('categorical_imputer',
                 TransformerWrapper(include=['sex', 'smoker', 'region'],
                                    transformer=SimpleImputer(strategy='most_frequent'))),
                ('ordinal_encoding',
                 TransformerWrapper(include=['sex', 'smoker'],
                                    transfor...
                                                               mapping=[{'col': 'sex',
                                                                         'data_type': dtype('O'),
                                                                         'mapping': female    0
male      1
NaN      -1
dtype: int64},
                                                                        {'col': 'smoker',
                                                                         'data_type': dtype('O'),
                                                                         'mapping': no     0
yes    1
NaN   -1
dtype: int64}]))),
                ('onehot_encoding',
                 TransformerWrapper(include=['region'],
                                    transformer=OneHotEncoder(cols=['region'],
                                                              handle_missing='return_nan',
                                                              use_cat_names=True))),
                ('trained_model', LinearRegression(n_jobs=-1))])
2026-03-27 21:13:13,966:INFO:save_model() successfully completed......................................
2026-03-27 21:13:47,868:WARNING:
'cuml' is a soft dependency and not included in the pycaret installation. Please run: `pip install cuml` to install.
2026-03-27 21:13:47,868:WARNING:
'cuml' is a soft dependency and not included in the pycaret installation. Please run: `pip install cuml` to install.
2026-03-27 21:13:47,868:WARNING:
'cuml' is a soft dependency and not included in the pycaret installation. Please run: `pip install cuml` to install.
2026-03-27 21:13:47,868:WARNING:
'cuml' is a soft dependency and not included in the pycaret installation. Please run: `pip install cuml` to install.
2026-03-27 21:13:48,114:INFO:Initializing load_model()
2026-03-27 21:13:48,114:INFO:load_model(model_name=modelo_final, platform=None, authentication=None, verbose=True)
2026-03-27 21:13:51,791:WARNING:
'cuml' is a soft dependency and not included in the pycaret installation. Please run: `pip install cuml` to install.
2026-03-27 21:13:51,791:WARNING:
'cuml' is a soft dependency and not included in the pycaret installation. Please run: `pip install cuml` to install.
2026-03-27 21:13:51,791:WARNING:
'cuml' is a soft dependency and not included in the pycaret installation. Please run: `pip install cuml` to install.
2026-03-27 21:13:51,791:WARNING:
'cuml' is a soft dependency and not included in the pycaret installation. Please run: `pip install cuml` to install.
2026-03-27 21:13:52,039:INFO:Initializing load_model()
2026-03-27 21:13:52,039:INFO:load_model(model_name=modelo_final, platform=None, authentication=None, verbose=True)
